<?xml version="1.0" encoding="UTF-8"?>
<!-- Generated by org.testng.reporters.JUnitReportReporter -->
<testsuite hostname="LAPTOP-JCK5A7JI" failures="0" tests="3" name="com.qa.testcases.ErrorTest" time="27.178" errors="0" timestamp="2024-08-29T19:05:55 IST" skipped="0">
  <testcase classname="com.qa.testcases.ErrorTest" name="test2" time="9.290"/>
  <system-out/>
  <testcase classname="com.qa.testcases.ErrorTest" name="test1" time="8.982"/>
  <system-out/>
  <testcase classname="com.qa.testcases.ErrorTest" name="test3" time="8.906"/>
  <system-out/>
</testsuite> <!-- com.qa.testcases.ErrorTest -->
