<?xml version="1.0" encoding="UTF-8"?>
<!-- Generated by org.testng.reporters.JUnitReportReporter -->
<testsuite hostname="LAPTOP-JCK5A7JI" failures="0" tests="5" name="com.qa.testcases.HomePageTest" time="60.186" errors="0" timestamp="2024-09-20T18:58:35 IST" skipped="0">
  <testcase classname="com.qa.testcases.HomePageTest" name="headerTest" time="6.359"/>
  <system-out/>
  <testcase classname="com.qa.testcases.HomePageTest" name="sliderTest" time="26.889"/>
  <system-out/>
  <testcase classname="com.qa.testcases.HomePageTest" name="WelcomeBlockTest" time="9.319"/>
  <system-out/>
  <testcase classname="com.qa.testcases.HomePageTest" name="InsuranceBlockTest" time="4.753"/>
  <system-out/>
  <testcase classname="com.qa.testcases.HomePageTest" name="footerTest" time="12.866"/>
  <system-out/>
</testsuite> <!-- com.qa.testcases.HomePageTest -->
