<?xml version="1.0" encoding="UTF-8"?>
<!-- Generated by org.testng.reporters.JUnitReportReporter -->
<testsuite hostname="LAPTOP-JCK5A7JI" failures="0" tests="1" name="ui.tc.EndToEndTest" time="5.677" errors="0" timestamp="2024-07-29T23:16:26 IST" skipped="0">
  <testcase classname="ui.tc.EndToEndTest" name="insuranceCalculate_VolvoMotor" time="5.677"/>
  <system-out/>
</testsuite> <!-- ui.tc.EndToEndTest -->
