<?xml version="1.0" encoding="UTF-8"?>
<!-- Generated by org.testng.reporters.JUnitReportReporter -->
<testsuite hostname="LAPTOP-JCK5A7JI" failures="0" tests="4" name="com.qa.testcases.EnterInsurantDataPageTest" time="98.973" errors="0" timestamp="2024-09-20T18:58:35 IST" skipped="0">
  <testcase classname="com.qa.testcases.EnterInsurantDataPageTest" name="camper_enterInsurantDataPage_test" time="30.204"/>
  <system-out/>
  <testcase classname="com.qa.testcases.EnterInsurantDataPageTest" name="motorcycle_enterInsurantDataPage_test" time="22.750"/>
  <system-out/>
  <testcase classname="com.qa.testcases.EnterInsurantDataPageTest" name="autoMobile_enterInsurantDataPage_test" time="22.019"/>
  <system-out/>
  <testcase classname="com.qa.testcases.EnterInsurantDataPageTest" name="truck_enterInsurantDataPage_test" time="24.000"/>
  <system-out/>
</testsuite> <!-- com.qa.testcases.EnterInsurantDataPageTest -->
