<?xml version="1.0" encoding="UTF-8"?>
<!-- Generated by org.testng.reporters.JUnitReportReporter -->
<testsuite hostname="LAPTOP-JCK5A7JI" failures="0" tests="4" name="com.qa.testcases.EnterProductDataPageTest" time="139.187" errors="0" timestamp="2024-09-22T17:40:32 IST" skipped="0">
  <testcase classname="com.qa.testcases.EnterProductDataPageTest" name="truck_productData_Pagetest" time="34.815"/>
  <system-out/>
  <testcase classname="com.qa.testcases.EnterProductDataPageTest" name="automobile_productData_Pagetest" time="34.344"/>
  <system-out/>
  <testcase classname="com.qa.testcases.EnterProductDataPageTest" name="motorCycle_productData_Pagetest" time="34.093"/>
  <system-out/>
  <testcase classname="com.qa.testcases.EnterProductDataPageTest" name="camper_productData_Pagetest" time="35.935"/>
  <system-out/>
</testsuite> <!-- com.qa.testcases.EnterProductDataPageTest -->
