<?xml version="1.0" encoding="UTF-8"?>
<!-- Generated by org.testng.reporters.JUnitReportReporter -->
<testsuite hostname="LAPTOP-JCK5A7JI" failures="0" tests="8" name="com.qa.testcases.EnterVehicleDataPageTest" time="150.399" errors="0" timestamp="2024-09-20T18:58:35 IST" skipped="0">
  <testcase classname="com.qa.testcases.EnterVehicleDataPageTest" name="enterCamperDataTest" time="21.972"/>
  <system-out/>
  <testcase classname="com.qa.testcases.EnterVehicleDataPageTest" name="autoMobile_enterVehicleDataPage_test" time="14.313"/>
  <system-out/>
  <testcase classname="com.qa.testcases.EnterVehicleDataPageTest" name="enterMotorCycleDataTest" time="28.825"/>
  <system-out/>
  <testcase classname="com.qa.testcases.EnterVehicleDataPageTest" name="enterAutomobileDataTest" time="10.963"/>
  <system-out/>
  <testcase classname="com.qa.testcases.EnterVehicleDataPageTest" name="truck_enterVehicleDataPage_test" time="18.445"/>
  <system-out/>
  <testcase classname="com.qa.testcases.EnterVehicleDataPageTest" name="camper_enterVehicleDataPage_test" time="13.670"/>
  <system-out/>
  <testcase classname="com.qa.testcases.EnterVehicleDataPageTest" name="motorCycle_enterVehicleDataPage_test" time="17.774"/>
  <system-out/>
  <testcase classname="com.qa.testcases.EnterVehicleDataPageTest" name="enterTruckDataTest" time="24.437"/>
  <system-out/>
</testsuite> <!-- com.qa.testcases.EnterVehicleDataPageTest -->
